<?xml version="1.0" encoding="UTF-8"?>
<testng-results skipped="0" failed="0" ignored="0" total="4" passed="4">
  <reporter-output>
  </reporter-output>
  <suite name="Default suite" duration-ms="4995" started-at="2020-06-02T15:05:03Z" finished-at="2020-06-02T15:05:08Z">
    <groups>
    </groups>
    <test name="Default test" duration-ms="4995" started-at="2020-06-02T15:05:03Z" finished-at="2020-06-02T15:05:08Z">
      <class name="com.nilava.JiraAPI.Authentication">
        <test-method status="PASS" signature="authenticationJira()[pri:0, instance:com.nilava.JiraAPI.Authentication@3f49dace]" name="authenticationJira" is-config="true" duration-ms="3240" started-at="2020-06-02T15:05:03Z" finished-at="2020-06-02T15:05:06Z">
          <reporter-output>
          </reporter-output>
        </test-method> <!-- authenticationJira -->
        <test-method status="PASS" signature="createIssueInJira()[pri:1, instance:com.nilava.JiraAPI.Authentication@3f49dace]" name="createIssueInJira" duration-ms="442" started-at="2020-06-02T15:05:06Z" finished-at="2020-06-02T15:05:06Z">
          <reporter-output>
          </reporter-output>
        </test-method> <!-- createIssueInJira -->
        <test-method status="PASS" signature="addCommnetInJira()[pri:2, instance:com.nilava.JiraAPI.Authentication@3f49dace]" name="addCommnetInJira" duration-ms="401" started-at="2020-06-02T15:05:06Z" finished-at="2020-06-02T15:05:07Z">
          <reporter-output>
          </reporter-output>
        </test-method> <!-- addCommnetInJira -->
        <test-method status="PASS" signature="attachmentInJira()[pri:3, instance:com.nilava.JiraAPI.Authentication@3f49dace]" name="attachmentInJira" duration-ms="464" started-at="2020-06-02T15:05:07Z" finished-at="2020-06-02T15:05:07Z">
          <reporter-output>
          </reporter-output>
        </test-method> <!-- attachmentInJira -->
        <test-method status="PASS" signature="deleteIssueFromJira()[pri:4, instance:com.nilava.JiraAPI.Authentication@3f49dace]" name="deleteIssueFromJira" duration-ms="410" started-at="2020-06-02T15:05:07Z" finished-at="2020-06-02T15:05:08Z">
          <reporter-output>
          </reporter-output>
        </test-method> <!-- deleteIssueFromJira -->
      </class> <!-- com.nilava.JiraAPI.Authentication -->
    </test> <!-- Default test -->
  </suite> <!-- Default suite -->
</testng-results>
